09:41:40 **** Build of configuration Debug for project S_MODE ****
make -j12 all 
arm-none-eabi-gcc "../Drivers/STM32L1xx_HAL_Driver/Src/stm32l1xx_hal.c" -mcpu=cortex-m3 -std=gnu11 -g3 -DDEBUG -DUSE_HAL_DRIVER -DSTM32L152xC -c -I../Core/Inc -I../Drivers/STM32L1xx_HAL_Driver/Inc -I../Drivers/STM32L1xx_HAL_Driver/Inc/Legacy -I../Drivers/CMSIS/Device/ST/STM32L1xx/Include -I../Drivers/CMSIS/Include -O0 -ffunction-sections -fdata-sections -Wall -fstack-usage -MMD -MP -MF"Drivers/STM32L1xx_HAL_Driver/Src/stm32l1xx_hal.d" -MT"Drivers/STM32L1xx_HAL_Driver/Src/stm32l1xx_hal.o" --specs=nano.specs -mfloat-abi=soft -mthumb -o "Drivers/STM32L1xx_HAL_Driver/Src/stm32l1xx_hal.o"
arm-none-eabi-gcc "../Drivers/STM32L1xx_HAL_Driver/Src/stm32l1xx_hal_cortex.c" -mcpu=cortex-m3 -std=gnu11 -g3 -DDEBUG -DUSE_HAL_DRIVER -DSTM32L152xC -c -I../Core/Inc -I../Drivers/STM32L1xx_HAL_Driver/Inc -I../Drivers/STM32L1xx_HAL_Driver/Inc/Legacy -I../Drivers/CMSIS/Device/ST/STM32L1xx/Include -I../Drivers/CMSIS/Include -O0 -ffunction-sections -fdata-sections -Wall -fstack-usage -MMD -MP -MF"Drivers/STM32L1xx_HAL_Driver/Src/stm32l1xx_hal_cortex.d" -MT"Drivers/STM32L1xx_HAL_Driver/Src/stm32l1xx_hal_cortex.o" --specs=nano.specs -mfloat-abi=soft -mthumb -o "Drivers/STM32L1xx_HAL_Driver/Src/stm32l1xx_hal_cortex.o"
arm-none-eabi-gcc "../Drivers/STM32L1xx_HAL_Driver/Src/stm32l1xx_hal_dma.c" -mcpu=cortex-m3 -std=gnu11 -g3 -DDEBUG -DUSE_HAL_DRIVER -DSTM32L152xC -c -I../Core/Inc -I../Drivers/STM32L1xx_HAL_Driver/Inc -I../Drivers/STM32L1xx_HAL_Driver/Inc/Legacy -I../Drivers/CMSIS/Device/ST/STM32L1xx/Include -I../Drivers/CMSIS/Include -O0 -ffunction-sections -fdata-sections -Wall -fstack-usage -MMD -MP -MF"Drivers/STM32L1xx_HAL_Driver/Src/stm32l1xx_hal_dma.d" -MT"Drivers/STM32L1xx_HAL_Driver/Src/stm32l1xx_hal_dma.o" --specs=nano.specs -mfloat-abi=soft -mthumb -o "Drivers/STM32L1xx_HAL_Driver/Src/stm32l1xx_hal_dma.o"
arm-none-eabi-gcc "../Drivers/STM32L1xx_HAL_Driver/Src/stm32l1xx_hal_exti.c" -mcpu=cortex-m3 -std=gnu11 -g3 -DDEBUG -DUSE_HAL_DRIVER -DSTM32L152xC -c -I../Core/Inc -I../Drivers/STM32L1xx_HAL_Driver/Inc -I../Drivers/STM32L1xx_HAL_Driver/Inc/Legacy -I../Drivers/CMSIS/Device/ST/STM32L1xx/Include -I../Drivers/CMSIS/Include -O0 -ffunction-sections -fdata-sections -Wall -fstack-usage -MMD -MP -MF"Drivers/STM32L1xx_HAL_Driver/Src/stm32l1xx_hal_exti.d" -MT"Drivers/STM32L1xx_HAL_Driver/Src/stm32l1xx_hal_exti.o" --specs=nano.specs -mfloat-abi=soft -mthumb -o "Drivers/STM32L1xx_HAL_Driver/Src/stm32l1xx_hal_exti.o"
arm-none-eabi-gcc "../Drivers/STM32L1xx_HAL_Driver/Src/stm32l1xx_hal_flash.c" -mcpu=cortex-m3 -std=gnu11 -g3 -DDEBUG -DUSE_HAL_DRIVER -DSTM32L152xC -c -I../Core/Inc -I../Drivers/STM32L1xx_HAL_Driver/Inc -I../Drivers/STM32L1xx_HAL_Driver/Inc/Legacy -I../Drivers/CMSIS/Device/ST/STM32L1xx/Include -I../Drivers/CMSIS/Include -O0 -ffunction-sections -fdata-sections -Wall -fstack-usage -MMD -MP -MF"Drivers/STM32L1xx_HAL_Driver/Src/stm32l1xx_hal_flash.d" -MT"Drivers/STM32L1xx_HAL_Driver/Src/stm32l1xx_hal_flash.o" --specs=nano.specs -mfloat-abi=soft -mthumb -o "Drivers/STM32L1xx_HAL_Driver/Src/stm32l1xx_hal_flash.o"
arm-none-eabi-gcc "../Drivers/STM32L1xx_HAL_Driver/Src/stm32l1xx_hal_flash_ex.c" -mcpu=cortex-m3 -std=gnu11 -g3 -DDEBUG -DUSE_HAL_DRIVER -DSTM32L152xC -c -I../Core/Inc -I../Drivers/STM32L1xx_HAL_Driver/Inc -I../Drivers/STM32L1xx_HAL_Driver/Inc/Legacy -I../Drivers/CMSIS/Device/ST/STM32L1xx/Include -I../Drivers/CMSIS/Include -O0 -ffunction-sections -fdata-sections -Wall -fstack-usage -MMD -MP -MF"Drivers/STM32L1xx_HAL_Driver/Src/stm32l1xx_hal_flash_ex.d" -MT"Drivers/STM32L1xx_HAL_Driver/Src/stm32l1xx_hal_flash_ex.o" --specs=nano.specs -mfloat-abi=soft -mthumb -o "Drivers/STM32L1xx_HAL_Driver/Src/stm32l1xx_hal_flash_ex.o"
arm-none-eabi-gcc "../Drivers/STM32L1xx_HAL_Driver/Src/stm32l1xx_hal_flash_ramfunc.c" -mcpu=cortex-m3 -std=gnu11 -g3 -DDEBUG -DUSE_HAL_DRIVER -DSTM32L152xC -c -I../Core/Inc -I../Drivers/STM32L1xx_HAL_Driver/Inc -I../Drivers/STM32L1xx_HAL_Driver/Inc/Legacy -I../Drivers/CMSIS/Device/ST/STM32L1xx/Include -I../Drivers/CMSIS/Include -O0 -ffunction-sections -fdata-sections -Wall -fstack-usage -MMD -MP -MF"Drivers/STM32L1xx_HAL_Driver/Src/stm32l1xx_hal_flash_ramfunc.d" -MT"Drivers/STM32L1xx_HAL_Driver/Src/stm32l1xx_hal_flash_ramfunc.o" --specs=nano.specs -mfloat-abi=soft -mthumb -o "Drivers/STM32L1xx_HAL_Driver/Src/stm32l1xx_hal_flash_ramfunc.o"
arm-none-eabi-gcc "../Drivers/STM32L1xx_HAL_Driver/Src/stm32l1xx_hal_gpio.c" -mcpu=cortex-m3 -std=gnu11 -g3 -DDEBUG -DUSE_HAL_DRIVER -DSTM32L152xC -c -I../Core/Inc -I../Drivers/STM32L1xx_HAL_Driver/Inc -I../Drivers/STM32L1xx_HAL_Driver/Inc/Legacy -I../Drivers/CMSIS/Device/ST/STM32L1xx/Include -I../Drivers/CMSIS/Include -O0 -ffunction-sections -fdata-sections -Wall -fstack-usage -MMD -MP -MF"Drivers/STM32L1xx_HAL_Driver/Src/stm32l1xx_hal_gpio.d" -MT"Drivers/STM32L1xx_HAL_Driver/Src/stm32l1xx_hal_gpio.o" --specs=nano.specs -mfloat-abi=soft -mthumb -o "Drivers/STM32L1xx_HAL_Driver/Src/stm32l1xx_hal_gpio.o"
arm-none-eabi-gcc "../Drivers/STM32L1xx_HAL_Driver/Src/stm32l1xx_hal_pwr.c" -mcpu=cortex-m3 -std=gnu11 -g3 -DDEBUG -DUSE_HAL_DRIVER -DSTM32L152xC -c -I../Core/Inc -I../Drivers/STM32L1xx_HAL_Driver/Inc -I../Drivers/STM32L1xx_HAL_Driver/Inc/Legacy -I../Drivers/CMSIS/Device/ST/STM32L1xx/Include -I../Drivers/CMSIS/Include -O0 -ffunction-sections -fdata-sections -Wall -fstack-usage -MMD -MP -MF"Drivers/STM32L1xx_HAL_Driver/Src/stm32l1xx_hal_pwr.d" -MT"Drivers/STM32L1xx_HAL_Driver/Src/stm32l1xx_hal_pwr.o" --specs=nano.specs -mfloat-abi=soft -mthumb -o "Drivers/STM32L1xx_HAL_Driver/Src/stm32l1xx_hal_pwr.o"
arm-none-eabi-gcc "../Drivers/STM32L1xx_HAL_Driver/Src/stm32l1xx_hal_pwr_ex.c" -mcpu=cortex-m3 -std=gnu11 -g3 -DDEBUG -DUSE_HAL_DRIVER -DSTM32L152xC -c -I../Core/Inc -I../Drivers/STM32L1xx_HAL_Driver/Inc -I../Drivers/STM32L1xx_HAL_Driver/Inc/Legacy -I../Drivers/CMSIS/Device/ST/STM32L1xx/Include -I../Drivers/CMSIS/Include -O0 -ffunction-sections -fdata-sections -Wall -fstack-usage -MMD -MP -MF"Drivers/STM32L1xx_HAL_Driver/Src/stm32l1xx_hal_pwr_ex.d" -MT"Drivers/STM32L1xx_HAL_Driver/Src/stm32l1xx_hal_pwr_ex.o" --specs=nano.specs -mfloat-abi=soft -mthumb -o "Drivers/STM32L1xx_HAL_Driver/Src/stm32l1xx_hal_pwr_ex.o"
arm-none-eabi-gcc "../Drivers/STM32L1xx_HAL_Driver/Src/stm32l1xx_hal_rcc.c" -mcpu=cortex-m3 -std=gnu11 -g3 -DDEBUG -DUSE_HAL_DRIVER -DSTM32L152xC -c -I../Core/Inc -I../Drivers/STM32L1xx_HAL_Driver/Inc -I../Drivers/STM32L1xx_HAL_Driver/Inc/Legacy -I../Drivers/CMSIS/Device/ST/STM32L1xx/Include -I../Drivers/CMSIS/Include -O0 -ffunction-sections -fdata-sections -Wall -fstack-usage -MMD -MP -MF"Drivers/STM32L1xx_HAL_Driver/Src/stm32l1xx_hal_rcc.d" -MT"Drivers/STM32L1xx_HAL_Driver/Src/stm32l1xx_hal_rcc.o" --specs=nano.specs -mfloat-abi=soft -mthumb -o "Drivers/STM32L1xx_HAL_Driver/Src/stm32l1xx_hal_rcc.o"
arm-none-eabi-gcc "../Drivers/STM32L1xx_HAL_Driver/Src/stm32l1xx_hal_rcc_ex.c" -mcpu=cortex-m3 -std=gnu11 -g3 -DDEBUG -DUSE_HAL_DRIVER -DSTM32L152xC -c -I../Core/Inc -I../Drivers/STM32L1xx_HAL_Driver/Inc -I../Drivers/STM32L1xx_HAL_Driver/Inc/Legacy -I../Drivers/CMSIS/Device/ST/STM32L1xx/Include -I../Drivers/CMSIS/Include -O0 -ffunction-sections -fdata-sections -Wall -fstack-usage -MMD -MP -MF"Drivers/STM32L1xx_HAL_Driver/Src/stm32l1xx_hal_rcc_ex.d" -MT"Drivers/STM32L1xx_HAL_Driver/Src/stm32l1xx_hal_rcc_ex.o" --specs=nano.specs -mfloat-abi=soft -mthumb -o "Drivers/STM32L1xx_HAL_Driver/Src/stm32l1xx_hal_rcc_ex.o"
arm-none-eabi-gcc "../Drivers/STM32L1xx_HAL_Driver/Src/stm32l1xx_hal_tim.c" -mcpu=cortex-m3 -std=gnu11 -g3 -DDEBUG -DUSE_HAL_DRIVER -DSTM32L152xC -c -I../Core/Inc -I../Drivers/STM32L1xx_HAL_Driver/Inc -I../Drivers/STM32L1xx_HAL_Driver/Inc/Legacy -I../Drivers/CMSIS/Device/ST/STM32L1xx/Include -I../Drivers/CMSIS/Include -O0 -ffunction-sections -fdata-sections -Wall -fstack-usage -MMD -MP -MF"Drivers/STM32L1xx_HAL_Driver/Src/stm32l1xx_hal_tim.d" -MT"Drivers/STM32L1xx_HAL_Driver/Src/stm32l1xx_hal_tim.o" --specs=nano.specs -mfloat-abi=soft -mthumb -o "Drivers/STM32L1xx_HAL_Driver/Src/stm32l1xx_hal_tim.o"
arm-none-eabi-gcc "../Drivers/STM32L1xx_HAL_Driver/Src/stm32l1xx_hal_tim_ex.c" -mcpu=cortex-m3 -std=gnu11 -g3 -DDEBUG -DUSE_HAL_DRIVER -DSTM32L152xC -c -I../Core/Inc -I../Drivers/STM32L1xx_HAL_Driver/Inc -I../Drivers/STM32L1xx_HAL_Driver/Inc/Legacy -I../Drivers/CMSIS/Device/ST/STM32L1xx/Include -I../Drivers/CMSIS/Include -O0 -ffunction-sections -fdata-sections -Wall -fstack-usage -MMD -MP -MF"Drivers/STM32L1xx_HAL_Driver/Src/stm32l1xx_hal_tim_ex.d" -MT"Drivers/STM32L1xx_HAL_Driver/Src/stm32l1xx_hal_tim_ex.o" --specs=nano.specs -mfloat-abi=soft -mthumb -o "Drivers/STM32L1xx_HAL_Driver/Src/stm32l1xx_hal_tim_ex.o"
arm-none-eabi-gcc "../Drivers/STM32L1xx_HAL_Driver/Src/stm32l1xx_hal_uart.c" -mcpu=cortex-m3 -std=gnu11 -g3 -DDEBUG -DUSE_HAL_DRIVER -DSTM32L152xC -c -I../Core/Inc -I../Drivers/STM32L1xx_HAL_Driver/Inc -I../Drivers/STM32L1xx_HAL_Driver/Inc/Legacy -I../Drivers/CMSIS/Device/ST/STM32L1xx/Include -I../Drivers/CMSIS/Include -O0 -ffunction-sections -fdata-sections -Wall -fstack-usage -MMD -MP -MF"Drivers/STM32L1xx_HAL_Driver/Src/stm32l1xx_hal_uart.d" -MT"Drivers/STM32L1xx_HAL_Driver/Src/stm32l1xx_hal_uart.o" --specs=nano.specs -mfloat-abi=soft -mthumb -o "Drivers/STM32L1xx_HAL_Driver/Src/stm32l1xx_hal_uart.o"
arm-none-eabi-gcc -mcpu=cortex-m3 -g3 -DDEBUG -c -x assembler-with-cpp -MMD -MP -MF"Core/Startup/startup_stm32l152rctx.d" -MT"Core/Startup/startup_stm32l152rctx.o" --specs=nano.specs -mfloat-abi=soft -mthumb -o "Core/Startup/startup_stm32l152rctx.o" "../Core/Startup/startup_stm32l152rctx.s"
arm-none-eabi-gcc "../Core/Src/main.c" -mcpu=cortex-m3 -std=gnu11 -g3 -DDEBUG -DUSE_HAL_DRIVER -DSTM32L152xC -c -I../Core/Inc -I../Drivers/STM32L1xx_HAL_Driver/Inc -I../Drivers/STM32L1xx_HAL_Driver/Inc/Legacy -I../Drivers/CMSIS/Device/ST/STM32L1xx/Include -I../Drivers/CMSIS/Include -O0 -ffunction-sections -fdata-sections -Wall -fstack-usage -MMD -MP -MF"Core/Src/main.d" -MT"Core/Src/main.o" --specs=nano.specs -mfloat-abi=soft -mthumb -o "Core/Src/main.o"
arm-none-eabi-gcc "../Core/Src/stm32l1xx_hal_msp.c" -mcpu=cortex-m3 -std=gnu11 -g3 -DDEBUG -DUSE_HAL_DRIVER -DSTM32L152xC -c -I../Core/Inc -I../Drivers/STM32L1xx_HAL_Driver/Inc -I../Drivers/STM32L1xx_HAL_Driver/Inc/Legacy -I../Drivers/CMSIS/Device/ST/STM32L1xx/Include -I../Drivers/CMSIS/Include -O0 -ffunction-sections -fdata-sections -Wall -fstack-usage -MMD -MP -MF"Core/Src/stm32l1xx_hal_msp.d" -MT"Core/Src/stm32l1xx_hal_msp.o" --specs=nano.specs -mfloat-abi=soft -mthumb -o "Core/Src/stm32l1xx_hal_msp.o"
arm-none-eabi-gcc "../Core/Src/stm32l1xx_it.c" -mcpu=cortex-m3 -std=gnu11 -g3 -DDEBUG -DUSE_HAL_DRIVER -DSTM32L152xC -c -I../Core/Inc -I../Drivers/STM32L1xx_HAL_Driver/Inc -I../Drivers/STM32L1xx_HAL_Driver/Inc/Legacy -I../Drivers/CMSIS/Device/ST/STM32L1xx/Include -I../Drivers/CMSIS/Include -O0 -ffunction-sections -fdata-sections -Wall -fstack-usage -MMD -MP -MF"Core/Src/stm32l1xx_it.d" -MT"Core/Src/stm32l1xx_it.o" --specs=nano.specs -mfloat-abi=soft -mthumb -o "Core/Src/stm32l1xx_it.o"
arm-none-eabi-gcc "../Core/Src/syscalls.c" -mcpu=cortex-m3 -std=gnu11 -g3 -DDEBUG -DUSE_HAL_DRIVER -DSTM32L152xC -c -I../Core/Inc -I../Drivers/STM32L1xx_HAL_Driver/Inc -I../Drivers/STM32L1xx_HAL_Driver/Inc/Legacy -I../Drivers/CMSIS/Device/ST/STM32L1xx/Include -I../Drivers/CMSIS/Include -O0 -ffunction-sections -fdata-sections -Wall -fstack-usage -MMD -MP -MF"Core/Src/syscalls.d" -MT"Core/Src/syscalls.o" --specs=nano.specs -mfloat-abi=soft -mthumb -o "Core/Src/syscalls.o"
arm-none-eabi-gcc "../Core/Src/sysmem.c" -mcpu=cortex-m3 -std=gnu11 -g3 -DDEBUG -DUSE_HAL_DRIVER -DSTM32L152xC -c -I../Core/Inc -I../Drivers/STM32L1xx_HAL_Driver/Inc -I../Drivers/STM32L1xx_HAL_Driver/Inc/Legacy -I../Drivers/CMSIS/Device/ST/STM32L1xx/Include -I../Drivers/CMSIS/Include -O0 -ffunction-sections -fdata-sections -Wall -fstack-usage -MMD -MP -MF"Core/Src/sysmem.d" -MT"Core/Src/sysmem.o" --specs=nano.specs -mfloat-abi=soft -mthumb -o "Core/Src/sysmem.o"
arm-none-eabi-gcc "../Core/Src/system_stm32l1xx.c" -mcpu=cortex-m3 -std=gnu11 -g3 -DDEBUG -DUSE_HAL_DRIVER -DSTM32L152xC -c -I../Core/Inc -I../Drivers/STM32L1xx_HAL_Driver/Inc -I../Drivers/STM32L1xx_HAL_Driver/Inc/Legacy -I../Drivers/CMSIS/Device/ST/STM32L1xx/Include -I../Drivers/CMSIS/Include -O0 -ffunction-sections -fdata-sections -Wall -fstack-usage -MMD -MP -MF"Core/Src/system_stm32l1xx.d" -MT"Core/Src/system_stm32l1xx.o" --specs=nano.specs -mfloat-abi=soft -mthumb -o "Core/Src/system_stm32l1xx.o"
../Core/Src/main.c: In function 'HAL_GPIO_EXTI_Callback':
../Core/Src/main.c:81:5: warning: 'main' is normally a non-static function [-Wmain]
   81 | int main(void)
      |     ^~~~
../Core/Src/main.c:200:13: error: invalid storage class for function 'MX_USART2_UART_Init'
  200 | static void MX_USART2_UART_Init(void)
      |             ^~~~~~~~~~~~~~~~~~~
../Core/Src/main.c:233:13: error: invalid storage class for function 'MX_GPIO_Init'
  233 | static void MX_GPIO_Init(void)
      |             ^~~~~~~~~~~~
../Core/Src/main.c:281:1: error: expected declaration or statement at end of input
  281 | }
      | ^
../Core/Src/main.c: At top level:
../Core/Src/main.c:51:13: warning: 'MX_GPIO_Init' used but never defined
   51 | static void MX_GPIO_Init(void);
      |             ^~~~~~~~~~~~
../Core/Src/main.c:52:13: warning: 'MX_USART2_UART_Init' used but never defined
   52 | static void MX_USART2_UART_Init(void);
      |             ^~~~~~~~~~~~~~~~~~~
../Core/Src/main.c:272:6: warning: 'Error_Handler' defined but not used [-Wunused-function]
  272 | void Error_Handler(void)
      |      ^~~~~~~~~~~~~
../Core/Src/main.c:233:13: warning: 'MX_GPIO_Init' defined but not used [-Wunused-function]
  233 | static void MX_GPIO_Init(void)
      |             ^~~~~~~~~~~~
../Core/Src/main.c:200:13: warning: 'MX_USART2_UART_Init' defined but not used [-Wunused-function]
  200 | static void MX_USART2_UART_Init(void)
      |             ^~~~~~~~~~~~~~~~~~~
../Core/Src/main.c:156:6: warning: 'SystemClock_Config' defined but not used [-Wunused-function]
  156 | void SystemClock_Config(void)
      |      ^~~~~~~~~~~~~~~~~~
../Core/Src/main.c:81:5: warning: 'main' defined but not used [-Wunused-function]
   81 | int main(void)
      |     ^~~~
make: *** [Core/Src/subdir.mk:34: Core/Src/main.o] Error 1
make: *** Waiting for unfinished jobs....
"make -j12 all" terminated with exit code 2. Build might be incomplete.

09:41:42 Build Failed. 5 errors, 8 warnings. (took 2s.195ms)

